{"data":{"host":"127.0.0.1:8000","path":"/api/admin/setup/status"},"hypothesisId":"H9","location":"apis/setup.go:GetStatus","message":"setup status request arrived","runId":"setup-status","sessionId":"a35f07","timestamp":1776918201673}
{"data":{"currentDatabase":"audio_platform","currentSchema":"public","gormErr":"","gormN":3,"needsSetupByGorm":false,"pgIdentityErr":"","pgRelKindErr":"","rawErr":"","rawNullDeletedN":3,"searchPath":"\"$user\", public","sysAdminNamespace":"public","sysAdminRelKind":"r","table":"public.sys_admin","totalErr":"","totalRowsN":3},"hypothesisId":"H1H2H3","location":"service/setup.go:NeedsSetup","message":"sys_admin counts + DB identity (H1 restart/H2 wrong DB/H3 view)","runId":"setup-status","sessionId":"a35f07","timestamp":1776918201675}
{"data":{"needsSetup":false},"hypothesisId":"H12","location":"apis/setup.go:GetStatus","message":"setup status response","runId":"setup-status","sessionId":"a35f07","timestamp":1776918201678}
{"data":{"host":"127.0.0.1:8000","path":"/api/admin/setup/status"},"hypothesisId":"H9","location":"apis/setup.go:GetStatus","message":"setup status request arrived","runId":"setup-status","sessionId":"a35f07","timestamp":1776918202037}
{"data":{"currentDatabase":"audio_platform","currentSchema":"public","gormErr":"","gormN":3,"needsSetupByGorm":false,"pgIdentityErr":"","pgRelKindErr":"","rawErr":"","rawNullDeletedN":3,"searchPath":"\"$user\", public","sysAdminNamespace":"public","sysAdminRelKind":"r","table":"public.sys_admin","totalErr":"","totalRowsN":3},"hypothesisId":"H1H2H3","location":"service/setup.go:NeedsSetup","message":"sys_admin counts + DB identity (H1 restart/H2 wrong DB/H3 view)","runId":"setup-status","sessionId":"a35f07","timestamp":1776918202039}
{"data":{"needsSetup":false},"hypothesisId":"H12","location":"apis/setup.go:GetStatus","message":"setup status response","runId":"setup-status","sessionId":"a35f07","timestamp":1776918202039}
{"data":{"sysAdminTable":"public.sys_admin","sysRoleTable":"public.sys_role","username":"admin"},"hypothesisId":"H1","location":"handler/login.go:AuthenticateSysAdmin","message":"authenticate begin","runId":"admin-login","sessionId":"a35f07","timestamp":1776918212267}
{"data":{"effKeyForRbac":"super_admin","rbacOk":true,"roleCodeFromAdmin":"super_admin","roleId":3,"roleKeyFromView":"super_admin","roleKeyWasEmpty":false},"hypothesisId":"H8","location":"handler/login.go:AuthenticateSysAdmin","message":"role keys for rbac","runId":"admin-login","sessionId":"a35f07","timestamp":1776918212327}
{"data":{"adminId":6,"roleId":3},"hypothesisId":"H4","location":"handler/login.go:AuthenticateSysAdmin","message":"authenticate success","runId":"admin-login","sessionId":"a35f07","timestamp":1776918212328}
{"data":{"host":"127.0.0.1:8000","path":"/api/admin/setup/status"},"hypothesisId":"H9","location":"apis/setup.go:GetStatus","message":"setup status request arrived","runId":"setup-status","sessionId":"a35f07","timestamp":1776918212461}
{"data":{"currentDatabase":"audio_platform","currentSchema":"public","gormErr":"","gormN":3,"needsSetupByGorm":false,"pgIdentityErr":"","pgRelKindErr":"","rawErr":"","rawNullDeletedN":3,"searchPath":"\"$user\", public","sysAdminNamespace":"public","sysAdminRelKind":"r","table":"public.sys_admin","totalErr":"","totalRowsN":3},"hypothesisId":"H1H2H3","location":"service/setup.go:NeedsSetup","message":"sys_admin counts + DB identity (H1 restart/H2 wrong DB/H3 view)","runId":"setup-status","sessionId":"a35f07","timestamp":1776918212463}
{"data":{"needsSetup":false},"hypothesisId":"H12","location":"apis/setup.go:GetStatus","message":"setup status response","runId":"setup-status","sessionId":"a35f07","timestamp":1776918212464}
{"data":{"host":"127.0.0.1:8000","path":"/api/admin/setup/status"},"hypothesisId":"H9","location":"apis/setup.go:GetStatus","message":"setup status request arrived","runId":"setup-status","sessionId":"a35f07","timestamp":1776918540785}
{"data":{"currentDatabase":"audio_platform","currentSchema":"public","gormErr":"","gormN":3,"needsSetupByGorm":false,"pgIdentityErr":"","pgRelKindErr":"","rawErr":"","rawNullDeletedN":3,"searchPath":"\"$user\", public","sysAdminNamespace":"public","sysAdminRelKind":"r","table":"public.sys_admin","totalErr":"","totalRowsN":3},"hypothesisId":"H1H2H3","location":"service/setup.go:NeedsSetup","message":"sys_admin counts + DB identity (H1 restart/H2 wrong DB/H3 view)","runId":"setup-status","sessionId":"a35f07","timestamp":1776918540788}
{"data":{"needsSetup":false},"hypothesisId":"H12","location":"apis/setup.go:GetStatus","message":"setup status response","runId":"setup-status","sessionId":"a35f07","timestamp":1776918540788}
{"data":{"host":"127.0.0.1:8000","path":"/api/admin/setup/status"},"hypothesisId":"H9","location":"apis/setup.go:GetStatus","message":"setup status request arrived","runId":"setup-status","sessionId":"a35f07","timestamp":1776918551479}
{"data":{"currentDatabase":"audio_platform","currentSchema":"public","gormErr":"","gormN":3,"needsSetupByGorm":false,"pgIdentityErr":"","pgRelKindErr":"","rawErr":"","rawNullDeletedN":3,"searchPath":"\"$user\", public","sysAdminNamespace":"public","sysAdminRelKind":"r","table":"public.sys_admin","totalErr":"","totalRowsN":3},"hypothesisId":"H1H2H3","location":"service/setup.go:NeedsSetup","message":"sys_admin counts + DB identity (H1 restart/H2 wrong DB/H3 view)","runId":"setup-status","sessionId":"a35f07","timestamp":1776918551482}
{"data":{"needsSetup":false},"hypothesisId":"H12","location":"apis/setup.go:GetStatus","message":"setup status response","runId":"setup-status","sessionId":"a35f07","timestamp":1776918551482}
{"data":{"host":"127.0.0.1:8000","path":"/api/admin/setup/status"},"hypothesisId":"H9","location":"apis/setup.go:GetStatus","message":"setup status request arrived","runId":"setup-status","sessionId":"a35f07","timestamp":1776918556567}
{"data":{"currentDatabase":"audio_platform","currentSchema":"public","gormErr":"","gormN":3,"needsSetupByGorm":false,"pgIdentityErr":"","pgRelKindErr":"","rawErr":"","rawNullDeletedN":3,"searchPath":"\"$user\", public","sysAdminNamespace":"public","sysAdminRelKind":"r","table":"public.sys_admin","totalErr":"","totalRowsN":3},"hypothesisId":"H1H2H3","location":"service/setup.go:NeedsSetup","message":"sys_admin counts + DB identity (H1 restart/H2 wrong DB/H3 view)","runId":"setup-status","sessionId":"a35f07","timestamp":1776918556573}
{"data":{"needsSetup":false},"hypothesisId":"H12","location":"apis/setup.go:GetStatus","message":"setup status response","runId":"setup-status","sessionId":"a35f07","timestamp":1776918556574}
{"data":{"host":"127.0.0.1:8000","path":"/api/admin/setup/status"},"hypothesisId":"H9","location":"apis/setup.go:GetStatus","message":"setup status request arrived","runId":"setup-status","sessionId":"a35f07","timestamp":1776918566445}
{"data":{"currentDatabase":"audio_platform","currentSchema":"public","gormErr":"","gormN":3,"needsSetupByGorm":false,"pgIdentityErr":"","pgRelKindErr":"","rawErr":"","rawNullDeletedN":3,"searchPath":"\"$user\", public","sysAdminNamespace":"public","sysAdminRelKind":"r","table":"public.sys_admin","totalErr":"","totalRowsN":3},"hypothesisId":"H1H2H3","location":"service/setup.go:NeedsSetup","message":"sys_admin counts + DB identity (H1 restart/H2 wrong DB/H3 view)","runId":"setup-status","sessionId":"a35f07","timestamp":1776918566447}
{"data":{"needsSetup":false},"hypothesisId":"H12","location":"apis/setup.go:GetStatus","message":"setup status response","runId":"setup-status","sessionId":"a35f07","timestamp":1776918566449}
{"data":{"host":"127.0.0.1:8000","path":"/api/admin/setup/status"},"hypothesisId":"H9","location":"apis/setup.go:GetStatus","message":"setup status request arrived","runId":"setup-status","sessionId":"a35f07","timestamp":1776918574335}
{"data":{"currentDatabase":"audio_platform","currentSchema":"public","gormErr":"","gormN":3,"needsSetupByGorm":false,"pgIdentityErr":"","pgRelKindErr":"","rawErr":"","rawNullDeletedN":3,"searchPath":"\"$user\", public","sysAdminNamespace":"public","sysAdminRelKind":"r","table":"public.sys_admin","totalErr":"","totalRowsN":3},"hypothesisId":"H1H2H3","location":"service/setup.go:NeedsSetup","message":"sys_admin counts + DB identity (H1 restart/H2 wrong DB/H3 view)","runId":"setup-status","sessionId":"a35f07","timestamp":1776918574337}
{"data":{"needsSetup":false},"hypothesisId":"H12","location":"apis/setup.go:GetStatus","message":"setup status response","runId":"setup-status","sessionId":"a35f07","timestamp":1776918574338}
{"data":{"host":"127.0.0.1:8000","path":"/api/admin/setup/status"},"hypothesisId":"H9","location":"apis/setup.go:GetStatus","message":"setup status request arrived","runId":"setup-status","sessionId":"a35f07","timestamp":1776922175126}
{"data":{"currentDatabase":"audio_platform","currentSchema":"public","gormErr":"","gormN":3,"needsSetupByGorm":false,"pgIdentityErr":"","pgRelKindErr":"","rawErr":"","rawNullDeletedN":3,"searchPath":"\"$user\", public","sysAdminNamespace":"public","sysAdminRelKind":"r","table":"public.sys_admin","totalErr":"","totalRowsN":3},"hypothesisId":"H1H2H3","location":"service/setup.go:NeedsSetup","message":"sys_admin counts + DB identity (H1 restart/H2 wrong DB/H3 view)","runId":"setup-status","sessionId":"a35f07","timestamp":1776922175133}
{"data":{"needsSetup":false},"hypothesisId":"H12","location":"apis/setup.go:GetStatus","message":"setup status response","runId":"setup-status","sessionId":"a35f07","timestamp":1776922175134}
{"data":{"sysAdminTable":"public.sys_admin","sysRoleTable":"public.sys_role","username":"admin"},"hypothesisId":"H1","location":"handler/login.go:AuthenticateSysAdmin","message":"authenticate begin","runId":"admin-login","sessionId":"a35f07","timestamp":1776922180849}
{"data":{"adminId":6,"err":"crypto/bcrypt: hashedPassword is not the hash of the given password"},"hypothesisId":"H6","location":"handler/login.go:AuthenticateSysAdmin","message":"bcrypt CompareHashAndPassword failed","runId":"admin-login","sessionId":"a35f07","timestamp":1776922180920}
{"data":{"sysAdminTable":"public.sys_admin","sysRoleTable":"public.sys_role","username":"admin"},"hypothesisId":"H1","location":"handler/login.go:AuthenticateSysAdmin","message":"authenticate begin","runId":"admin-login","sessionId":"a35f07","timestamp":1776922193419}
{"data":{"effKeyForRbac":"super_admin","rbacOk":true,"roleCodeFromAdmin":"super_admin","roleId":3,"roleKeyFromView":"super_admin","roleKeyWasEmpty":false},"hypothesisId":"H8","location":"handler/login.go:AuthenticateSysAdmin","message":"role keys for rbac","runId":"admin-login","sessionId":"a35f07","timestamp":1776922193474}
{"data":{"adminId":6,"roleId":3},"hypothesisId":"H4","location":"handler/login.go:AuthenticateSysAdmin","message":"authenticate success","runId":"admin-login","sessionId":"a35f07","timestamp":1776922193474}
{"data":{"sysAdminTable":"public.sys_admin","sysRoleTable":"public.sys_role","username":"admin"},"hypothesisId":"H1","location":"handler/login.go:AuthenticateSysAdmin","message":"authenticate begin","runId":"admin-login","sessionId":"a35f07","timestamp":1776922197735}
{"data":{"effKeyForRbac":"super_admin","rbacOk":true,"roleCodeFromAdmin":"super_admin","roleId":3,"roleKeyFromView":"super_admin","roleKeyWasEmpty":false},"hypothesisId":"H8","location":"handler/login.go:AuthenticateSysAdmin","message":"role keys for rbac","runId":"admin-login","sessionId":"a35f07","timestamp":1776922197787}
{"data":{"adminId":6,"roleId":3},"hypothesisId":"H4","location":"handler/login.go:AuthenticateSysAdmin","message":"authenticate success","runId":"admin-login","sessionId":"a35f07","timestamp":1776922197788}
{"data":{"host":"127.0.0.1:8000","path":"/api/admin/setup/status"},"hypothesisId":"H9","location":"apis/setup.go:GetStatus","message":"setup status request arrived","runId":"setup-status","sessionId":"a35f07","timestamp":1776922310454}
{"data":{"currentDatabase":"audio_platform","currentSchema":"public","gormErr":"","gormN":3,"needsSetupByGorm":false,"pgIdentityErr":"","pgRelKindErr":"","rawErr":"","rawNullDeletedN":3,"searchPath":"\"$user\", public","sysAdminNamespace":"public","sysAdminRelKind":"r","table":"public.sys_admin","totalErr":"","totalRowsN":3},"hypothesisId":"H1H2H3","location":"service/setup.go:NeedsSetup","message":"sys_admin counts + DB identity (H1 restart/H2 wrong DB/H3 view)","runId":"setup-status","sessionId":"a35f07","timestamp":1776922310457}
{"data":{"needsSetup":false},"hypothesisId":"H12","location":"apis/setup.go:GetStatus","message":"setup status response","runId":"setup-status","sessionId":"a35f07","timestamp":1776922310458}
{"data":{"host":"127.0.0.1:8000","path":"/api/admin/setup/status"},"hypothesisId":"H9","location":"apis/setup.go:GetStatus","message":"setup status request arrived","runId":"setup-status","sessionId":"a35f07","timestamp":1776922320132}
{"data":{"currentDatabase":"audio_platform","currentSchema":"public","gormErr":"","gormN":3,"needsSetupByGorm":false,"pgIdentityErr":"","pgRelKindErr":"","rawErr":"","rawNullDeletedN":3,"searchPath":"\"$user\", public","sysAdminNamespace":"public","sysAdminRelKind":"r","table":"public.sys_admin","totalErr":"","totalRowsN":3},"hypothesisId":"H1H2H3","location":"service/setup.go:NeedsSetup","message":"sys_admin counts + DB identity (H1 restart/H2 wrong DB/H3 view)","runId":"setup-status","sessionId":"a35f07","timestamp":1776922320134}
{"data":{"needsSetup":false},"hypothesisId":"H12","location":"apis/setup.go:GetStatus","message":"setup status response","runId":"setup-status","sessionId":"a35f07","timestamp":1776922320136}
{"data":{"host":"127.0.0.1:8000","path":"/api/admin/setup/status"},"hypothesisId":"H9","location":"apis/setup.go:GetStatus","message":"setup status request arrived","runId":"setup-status","sessionId":"a35f07","timestamp":1776922352686}
{"data":{"currentDatabase":"audio_platform","currentSchema":"public","gormErr":"","gormN":3,"needsSetupByGorm":false,"pgIdentityErr":"","pgRelKindErr":"","rawErr":"","rawNullDeletedN":3,"searchPath":"\"$user\", public","sysAdminNamespace":"public","sysAdminRelKind":"r","table":"public.sys_admin","totalErr":"","totalRowsN":3},"hypothesisId":"H1H2H3","location":"service/setup.go:NeedsSetup","message":"sys_admin counts + DB identity (H1 restart/H2 wrong DB/H3 view)","runId":"setup-status","sessionId":"a35f07","timestamp":1776922352691}
{"data":{"needsSetup":false},"hypothesisId":"H12","location":"apis/setup.go:GetStatus","message":"setup status response","runId":"setup-status","sessionId":"a35f07","timestamp":1776922352692}
{"data":{"host":"127.0.0.1:8000","path":"/api/admin/setup/status"},"hypothesisId":"H9","location":"apis/setup.go:GetStatus","message":"setup status request arrived","runId":"setup-status","sessionId":"a35f07","timestamp":1776922432651}
{"data":{"currentDatabase":"audio_platform","currentSchema":"public","gormErr":"","gormN":3,"needsSetupByGorm":false,"pgIdentityErr":"","pgRelKindErr":"","rawErr":"","rawNullDeletedN":3,"searchPath":"\"$user\", public","sysAdminNamespace":"public","sysAdminRelKind":"r","table":"public.sys_admin","totalErr":"","totalRowsN":3},"hypothesisId":"H1H2H3","location":"service/setup.go:NeedsSetup","message":"sys_admin counts + DB identity (H1 restart/H2 wrong DB/H3 view)","runId":"setup-status","sessionId":"a35f07","timestamp":1776922432676}
{"data":{"needsSetup":false},"hypothesisId":"H12","location":"apis/setup.go:GetStatus","message":"setup status response","runId":"setup-status","sessionId":"a35f07","timestamp":1776922432677}
{"data":{"sysAdminTable":"public.sys_admin","sysRoleTable":"public.sys_role","username":"admin"},"hypothesisId":"H1","location":"handler/login.go:AuthenticateSysAdmin","message":"authenticate begin","runId":"admin-login","sessionId":"a35f07","timestamp":1776922442277}
{"data":{"effKeyForRbac":"super_admin","rbacOk":true,"roleCodeFromAdmin":"super_admin","roleId":3,"roleKeyFromView":"super_admin","roleKeyWasEmpty":false},"hypothesisId":"H8","location":"handler/login.go:AuthenticateSysAdmin","message":"role keys for rbac","runId":"admin-login","sessionId":"a35f07","timestamp":1776922442383}
{"data":{"adminId":6,"roleId":3},"hypothesisId":"H4","location":"handler/login.go:AuthenticateSysAdmin","message":"authenticate success","runId":"admin-login","sessionId":"a35f07","timestamp":1776922442383}
{"data":{"sysAdminTable":"public.sys_admin","sysRoleTable":"public.sys_role","username":"admin"},"hypothesisId":"H1","location":"handler/login.go:AuthenticateSysAdmin","message":"authenticate begin","runId":"admin-login","sessionId":"a35f07","timestamp":1776922449286}
{"data":{"effKeyForRbac":"super_admin","rbacOk":true,"roleCodeFromAdmin":"super_admin","roleId":3,"roleKeyFromView":"super_admin","roleKeyWasEmpty":false},"hypothesisId":"H8","location":"handler/login.go:AuthenticateSysAdmin","message":"role keys for rbac","runId":"admin-login","sessionId":"a35f07","timestamp":1776922449345}
{"data":{"adminId":6,"roleId":3},"hypothesisId":"H4","location":"handler/login.go:AuthenticateSysAdmin","message":"authenticate success","runId":"admin-login","sessionId":"a35f07","timestamp":1776922449345}
{"data":{"sysAdminTable":"public.sys_admin","sysRoleTable":"public.sys_role","username":"admin"},"hypothesisId":"H1","location":"handler/login.go:AuthenticateSysAdmin","message":"authenticate begin","runId":"admin-login","sessionId":"a35f07","timestamp":1776922456191}
{"data":{"effKeyForRbac":"super_admin","rbacOk":true,"roleCodeFromAdmin":"super_admin","roleId":3,"roleKeyFromView":"super_admin","roleKeyWasEmpty":false},"hypothesisId":"H8","location":"handler/login.go:AuthenticateSysAdmin","message":"role keys for rbac","runId":"admin-login","sessionId":"a35f07","timestamp":1776922456280}
{"data":{"adminId":6,"roleId":3},"hypothesisId":"H4","location":"handler/login.go:AuthenticateSysAdmin","message":"authenticate success","runId":"admin-login","sessionId":"a35f07","timestamp":1776922456281}
{"data":{"host":"127.0.0.1:8000","path":"/api/admin/setup/status"},"hypothesisId":"H9","location":"apis/setup.go:GetStatus","message":"setup status request arrived","runId":"setup-status","sessionId":"a35f07","timestamp":1776922662702}
{"data":{"currentDatabase":"audio_platform","currentSchema":"public","gormErr":"","gormN":3,"needsSetupByGorm":false,"pgIdentityErr":"","pgRelKindErr":"","rawErr":"","rawNullDeletedN":3,"searchPath":"\"$user\", public","sysAdminNamespace":"public","sysAdminRelKind":"r","table":"public.sys_admin","totalErr":"","totalRowsN":3},"hypothesisId":"H1H2H3","location":"service/setup.go:NeedsSetup","message":"sys_admin counts + DB identity (H1 restart/H2 wrong DB/H3 view)","runId":"setup-status","sessionId":"a35f07","timestamp":1776922662746}
{"data":{"needsSetup":false},"hypothesisId":"H12","location":"apis/setup.go:GetStatus","message":"setup status response","runId":"setup-status","sessionId":"a35f07","timestamp":1776922662747}
{"data":{"host":"127.0.0.1:8000","path":"/api/admin/setup/status"},"hypothesisId":"H9","location":"apis/setup.go:GetStatus","message":"setup status request arrived","runId":"setup-status","sessionId":"a35f07","timestamp":1776923553530}
{"data":{"currentDatabase":"audio_platform","currentSchema":"public","gormErr":"","gormN":3,"needsSetupByGorm":false,"pgIdentityErr":"","pgRelKindErr":"","rawErr":"","rawNullDeletedN":3,"searchPath":"\"$user\", public","sysAdminNamespace":"public","sysAdminRelKind":"r","table":"public.sys_admin","totalErr":"","totalRowsN":3},"hypothesisId":"H1H2H3","location":"service/setup.go:NeedsSetup","message":"sys_admin counts + DB identity (H1 restart/H2 wrong DB/H3 view)","runId":"setup-status","sessionId":"a35f07","timestamp":1776923553557}
{"data":{"needsSetup":false},"hypothesisId":"H12","location":"apis/setup.go:GetStatus","message":"setup status response","runId":"setup-status","sessionId":"a35f07","timestamp":1776923553558}
{"data":{"sysAdminTable":"public.sys_admin","sysRoleTable":"public.sys_role","username":"admin"},"hypothesisId":"H1","location":"handler/login.go:AuthenticateSysAdmin","message":"authenticate begin","runId":"admin-login","sessionId":"a35f07","timestamp":1776923562539}
{"data":{"effKeyForRbac":"super_admin","rbacOk":true,"roleCodeFromAdmin":"super_admin","roleId":3,"roleKeyFromView":"super_admin","roleKeyWasEmpty":false},"hypothesisId":"H8","location":"handler/login.go:AuthenticateSysAdmin","message":"role keys for rbac","runId":"admin-login","sessionId":"a35f07","timestamp":1776923562622}
{"data":{"adminId":6,"roleId":3},"hypothesisId":"H4","location":"handler/login.go:AuthenticateSysAdmin","message":"authenticate success","runId":"admin-login","sessionId":"a35f07","timestamp":1776923562622}
{"data":{"host":"127.0.0.1:8000","path":"/api/admin/setup/status"},"hypothesisId":"H9","location":"apis/setup.go:GetStatus","message":"setup status request arrived","runId":"setup-status","sessionId":"a35f07","timestamp":1776923997421}
{"data":{"currentDatabase":"audio_platform","currentSchema":"public","gormErr":"","gormN":3,"needsSetupByGorm":false,"pgIdentityErr":"","pgRelKindErr":"","rawErr":"","rawNullDeletedN":3,"searchPath":"\"$user\", public","sysAdminNamespace":"public","sysAdminRelKind":"r","table":"public.sys_admin","totalErr":"","totalRowsN":3},"hypothesisId":"H1H2H3","location":"service/setup.go:NeedsSetup","message":"sys_admin counts + DB identity (H1 restart/H2 wrong DB/H3 view)","runId":"setup-status","sessionId":"a35f07","timestamp":1776923997454}
{"data":{"needsSetup":false},"hypothesisId":"H12","location":"apis/setup.go:GetStatus","message":"setup status response","runId":"setup-status","sessionId":"a35f07","timestamp":1776923997457}
{"data":{"sysAdminTable":"public.sys_admin","sysRoleTable":"public.sys_role","username":"admin"},"hypothesisId":"H1","location":"handler/login.go:AuthenticateSysAdmin","message":"authenticate begin","runId":"admin-login","sessionId":"a35f07","timestamp":1776924005643}
{"data":{"effKeyForRbac":"super_admin","rbacOk":true,"roleCodeFromAdmin":"super_admin","roleId":3,"roleKeyFromView":"super_admin","roleKeyWasEmpty":false},"hypothesisId":"H8","location":"handler/login.go:AuthenticateSysAdmin","message":"role keys for rbac","runId":"admin-login","sessionId":"a35f07","timestamp":1776924005740}
{"data":{"adminId":6,"roleId":3},"hypothesisId":"H4","location":"handler/login.go:AuthenticateSysAdmin","message":"authenticate success","runId":"admin-login","sessionId":"a35f07","timestamp":1776924005742}
{"data":{"host":"127.0.0.1:8000","path":"/api/admin/setup/status"},"hypothesisId":"H9","location":"apis/setup.go:GetStatus","message":"setup status request arrived","runId":"setup-status","sessionId":"a35f07","timestamp":1776924371974}
{"data":{"currentDatabase":"audio_platform","currentSchema":"public","gormErr":"","gormN":3,"needsSetupByGorm":false,"pgIdentityErr":"","pgRelKindErr":"","rawErr":"","rawNullDeletedN":3,"searchPath":"\"$user\", public","sysAdminNamespace":"public","sysAdminRelKind":"r","table":"public.sys_admin","totalErr":"","totalRowsN":3},"hypothesisId":"H1H2H3","location":"service/setup.go:NeedsSetup","message":"sys_admin counts + DB identity (H1 restart/H2 wrong DB/H3 view)","runId":"setup-status","sessionId":"a35f07","timestamp":1776924372117}
{"data":{"needsSetup":false},"hypothesisId":"H12","location":"apis/setup.go:GetStatus","message":"setup status response","runId":"setup-status","sessionId":"a35f07","timestamp":1776924372118}
{"data":{"sysAdminTable":"public.sys_admin","sysRoleTable":"public.sys_role","username":"admin"},"hypothesisId":"H1","location":"handler/login.go:AuthenticateSysAdmin","message":"authenticate begin","runId":"admin-login","sessionId":"a35f07","timestamp":1776924383577}
{"data":{"effKeyForRbac":"super_admin","rbacOk":true,"roleCodeFromAdmin":"super_admin","roleId":3,"roleKeyFromView":"super_admin","roleKeyWasEmpty":false},"hypothesisId":"H8","location":"handler/login.go:AuthenticateSysAdmin","message":"role keys for rbac","runId":"admin-login","sessionId":"a35f07","timestamp":1776924383636}
{"data":{"adminId":6,"roleId":3},"hypothesisId":"H4","location":"handler/login.go:AuthenticateSysAdmin","message":"authenticate success","runId":"admin-login","sessionId":"a35f07","timestamp":1776924383637}
{"data":{"host":"127.0.0.1:8000","path":"/api/admin/setup/status"},"hypothesisId":"H9","location":"apis/setup.go:GetStatus","message":"setup status request arrived","runId":"setup-status","sessionId":"a35f07","timestamp":1776924523130}
{"data":{"currentDatabase":"audio_platform","currentSchema":"public","gormErr":"","gormN":3,"needsSetupByGorm":false,"pgIdentityErr":"","pgRelKindErr":"","rawErr":"","rawNullDeletedN":3,"searchPath":"\"$user\", public","sysAdminNamespace":"public","sysAdminRelKind":"r","table":"public.sys_admin","totalErr":"","totalRowsN":3},"hypothesisId":"H1H2H3","location":"service/setup.go:NeedsSetup","message":"sys_admin counts + DB identity (H1 restart/H2 wrong DB/H3 view)","runId":"setup-status","sessionId":"a35f07","timestamp":1776924523140}
{"data":{"needsSetup":false},"hypothesisId":"H12","location":"apis/setup.go:GetStatus","message":"setup status response","runId":"setup-status","sessionId":"a35f07","timestamp":1776924523142}
{"data":{"host":"127.0.0.1:8000","path":"/api/admin/setup/status"},"hypothesisId":"H9","location":"apis/setup.go:GetStatus","message":"setup status request arrived","runId":"setup-status","sessionId":"a35f07","timestamp":1776925231448}
{"data":{"currentDatabase":"audio_platform","currentSchema":"public","gormErr":"","gormN":3,"needsSetupByGorm":false,"pgIdentityErr":"","pgRelKindErr":"","rawErr":"","rawNullDeletedN":3,"searchPath":"\"$user\", public","sysAdminNamespace":"public","sysAdminRelKind":"r","table":"public.sys_admin","totalErr":"","totalRowsN":3},"hypothesisId":"H1H2H3","location":"service/setup.go:NeedsSetup","message":"sys_admin counts + DB identity (H1 restart/H2 wrong DB/H3 view)","runId":"setup-status","sessionId":"a35f07","timestamp":1776925231469}
{"data":{"needsSetup":false},"hypothesisId":"H12","location":"apis/setup.go:GetStatus","message":"setup status response","runId":"setup-status","sessionId":"a35f07","timestamp":1776925231471}
{"data":{"sysAdminTable":"public.sys_admin","sysRoleTable":"public.sys_role","username":"admin"},"hypothesisId":"H1","location":"handler/login.go:AuthenticateSysAdmin","message":"authenticate begin","runId":"admin-login","sessionId":"a35f07","timestamp":1776925244489}
{"data":{"effKeyForRbac":"super_admin","rbacOk":true,"roleCodeFromAdmin":"super_admin","roleId":3,"roleKeyFromView":"super_admin","roleKeyWasEmpty":false},"hypothesisId":"H8","location":"handler/login.go:AuthenticateSysAdmin","message":"role keys for rbac","runId":"admin-login","sessionId":"a35f07","timestamp":1776925244558}
{"data":{"adminId":6,"roleId":3},"hypothesisId":"H4","location":"handler/login.go:AuthenticateSysAdmin","message":"authenticate success","runId":"admin-login","sessionId":"a35f07","timestamp":1776925244559}
{"data":{"host":"127.0.0.1:8000","path":"/api/admin/setup/status"},"hypothesisId":"H9","location":"apis/setup.go:GetStatus","message":"setup status request arrived","runId":"setup-status","sessionId":"a35f07","timestamp":1776926565484}
{"data":{"currentDatabase":"audio_platform","currentSchema":"public","gormErr":"","gormN":3,"needsSetupByGorm":false,"pgIdentityErr":"","pgRelKindErr":"","rawErr":"","rawNullDeletedN":3,"searchPath":"\"$user\", public","sysAdminNamespace":"public","sysAdminRelKind":"r","table":"public.sys_admin","totalErr":"","totalRowsN":3},"hypothesisId":"H1H2H3","location":"service/setup.go:NeedsSetup","message":"sys_admin counts + DB identity (H1 restart/H2 wrong DB/H3 view)","runId":"setup-status","sessionId":"a35f07","timestamp":1776926565501}
{"data":{"needsSetup":false},"hypothesisId":"H12","location":"apis/setup.go:GetStatus","message":"setup status response","runId":"setup-status","sessionId":"a35f07","timestamp":1776926565502}
{"data":{"sysAdminTable":"public.sys_admin","sysRoleTable":"public.sys_role","username":"admin"},"hypothesisId":"H1","location":"handler/login.go:AuthenticateSysAdmin","message":"authenticate begin","runId":"admin-login","sessionId":"a35f07","timestamp":1776926662813}
{"data":{"effKeyForRbac":"super_admin","rbacOk":true,"roleCodeFromAdmin":"super_admin","roleId":3,"roleKeyFromView":"super_admin","roleKeyWasEmpty":false},"hypothesisId":"H8","location":"handler/login.go:AuthenticateSysAdmin","message":"role keys for rbac","runId":"admin-login","sessionId":"a35f07","timestamp":1776926662901}
{"data":{"adminId":6,"roleId":3},"hypothesisId":"H4","location":"handler/login.go:AuthenticateSysAdmin","message":"authenticate success","runId":"admin-login","sessionId":"a35f07","timestamp":1776926662902}
{"sessionId":"a35f07","runId":"admin-update-api","hypothesisId":"H6","location":"apis/sys_admin.go:AdminUpdate","message":"handler_ctx","data":{"actorBypass":true,"roleIdsLen":1,"targetId":6,"updateBy":6},"timestamp":1776928883438}
{"sessionId":"a35f07","runId":"admin-update","hypothesisId":"H6","location":"service/sys_admin.go:AdminUpdate","message":"builtin_gate","data":{"actorBypass":true,"lockedRoleId":3,"reqStatus":"","reqUserId":6,"roleIdsLenIn":1,"selfUpdate":true,"targetBypass":true,"targetId":6,"updateBy":6},"timestamp":1776928883440}
{"sessionId":"a35f07","runId":"admin-update-api","hypothesisId":"H6","location":"apis/sys_admin.go:AdminUpdate","message":"handler_ctx","data":{"actorBypass":true,"roleIdsLen":1,"targetId":6,"updateBy":6},"timestamp":1776928911786}
{"sessionId":"a35f07","runId":"admin-update","hypothesisId":"H6","location":"service/sys_admin.go:AdminUpdate","message":"builtin_gate","data":{"actorBypass":true,"lockedRoleId":3,"reqStatus":"","reqUserId":6,"roleIdsLenIn":1,"selfUpdate":true,"targetBypass":true,"targetId":6,"updateBy":6},"timestamp":1776928911788}
{"sessionId":"a35f07","runId":"admin-update-api","hypothesisId":"H6","location":"apis/sys_admin.go:AdminUpdate","message":"handler_ctx","data":{"actorBypass":true,"roleIdsLen":1,"targetId":5,"updateBy":6},"timestamp":1776929392504}
{"sessionId":"a35f07","runId":"admin-update","hypothesisId":"H6","location":"service/sys_admin.go:AdminUpdate","message":"builtin_gate","data":{"actorBypass":true,"lockedRoleId":3,"reqStatus":"","reqUserId":5,"roleIdsLenIn":1,"selfUpdate":false,"targetBypass":true,"targetId":5,"updateBy":6},"timestamp":1776929392506}
{"sessionId":"a35f07","runId":"admin-update-api","hypothesisId":"H6","location":"apis/sys_admin.go:AdminUpdate","message":"handler_ctx","data":{"actorBypass":true,"roleIdsLen":1,"targetId":5,"updateBy":6},"timestamp":1776929405917}
{"sessionId":"a35f07","runId":"admin-update","hypothesisId":"H6","location":"service/sys_admin.go:AdminUpdate","message":"builtin_gate","data":{"actorBypass":true,"lockedRoleId":3,"reqStatus":"","reqUserId":5,"roleIdsLenIn":1,"selfUpdate":false,"targetBypass":true,"targetId":5,"updateBy":6},"timestamp":1776929405918}
{"sessionId":"a35f07","runId":"admin-update-api","hypothesisId":"H6","location":"apis/sys_admin.go:AdminUpdate","message":"handler_ctx","data":{"actorBypass":true,"roleIdsLen":1,"targetId":5,"updateBy":6},"timestamp":1776929449355}
{"sessionId":"a35f07","runId":"admin-update","hypothesisId":"H6","location":"service/sys_admin.go:AdminUpdate","message":"builtin_gate","data":{"actorBypass":true,"lockedRoleId":3,"reqStatus":"","reqUserId":5,"roleIdsLenIn":1,"selfUpdate":false,"targetBypass":true,"targetId":5,"updateBy":6},"timestamp":1776929449357}
{"sessionId":"a35f07","runId":"admin-update-api","hypothesisId":"H6","location":"apis/sys_admin.go:AdminUpdate","message":"handler_ctx","data":{"actorBypass":true,"roleIdsLen":1,"targetId":5,"updateBy":6},"timestamp":1776933236761}
{"sessionId":"a35f07","runId":"admin-update","hypothesisId":"H6","location":"service/sys_admin.go:AdminUpdate","message":"builtin_gate","data":{"actorBypass":true,"lockedRoleId":3,"reqStatus":"","reqUserId":5,"roleIdsLenIn":1,"selfUpdate":false,"targetBypass":true,"targetId":5,"updateBy":6},"timestamp":1776933236763}
{"sessionId":"a35f07","runId":"admin-update-api","hypothesisId":"H6","location":"apis/sys_admin.go:AdminUpdate","message":"handler_ctx","data":{"actorBypass":true,"roleIdsLen":1,"targetId":5,"updateBy":6},"timestamp":1776933298934}
{"sessionId":"a35f07","runId":"admin-update","hypothesisId":"H6","location":"service/sys_admin.go:AdminUpdate","message":"builtin_gate","data":{"actorBypass":true,"lockedRoleId":3,"reqStatus":"","reqUserId":5,"roleIdsLenIn":1,"selfUpdate":false,"targetBypass":true,"targetId":5,"updateBy":6},"timestamp":1776933298938}
{"sessionId":"a35f07","runId":"admin-update-api","hypothesisId":"H6","location":"apis/sys_admin.go:AdminUpdate","message":"handler_ctx","data":{"actorBypass":true,"roleIdsLen":1,"targetId":5,"updateBy":6},"timestamp":1776934072279}
{"sessionId":"a35f07","runId":"admin-update","hypothesisId":"H6","location":"service/sys_admin.go:AdminUpdate","message":"builtin_gate","data":{"actorBypass":true,"lockedRoleId":1,"reqStatus":"","reqUserId":5,"roleIdsLenIn":1,"selfUpdate":false,"targetBypass":true,"targetId":5,"updateBy":6},"timestamp":1776934072282}
{"data":{"host":"127.0.0.1:8000","path":"/api/admin/setup/status"},"hypothesisId":"H9","location":"apis/setup.go:GetStatus","message":"setup status request arrived","runId":"setup-status","sessionId":"a35f07","timestamp":1776996597534}
{"data":{"currentDatabase":"audio_platform","currentSchema":"public","gormErr":"","gormN":3,"needsSetupByGorm":false,"pgIdentityErr":"","pgRelKindErr":"","rawErr":"","rawNullDeletedN":3,"searchPath":"\"$user\", public","sysAdminNamespace":"public","sysAdminRelKind":"r","table":"public.sys_admin","totalErr":"","totalRowsN":3},"hypothesisId":"H1H2H3","location":"service/setup.go:NeedsSetup","message":"sys_admin counts + DB identity (H1 restart/H2 wrong DB/H3 view)","runId":"setup-status","sessionId":"a35f07","timestamp":1776996597556}
{"data":{"needsSetup":false},"hypothesisId":"H12","location":"apis/setup.go:GetStatus","message":"setup status response","runId":"setup-status","sessionId":"a35f07","timestamp":1776996597558}
{"data":{"sysAdminTable":"public.sys_admin","sysRoleTable":"public.sys_role","username":"admin"},"hypothesisId":"H1","location":"handler/login.go:AuthenticateSysAdmin","message":"authenticate begin","runId":"admin-login","sessionId":"a35f07","timestamp":1776996608916}
{"data":{"effKeyForRbac":"super_admin","rbacOk":true,"roleCodeFromAdmin":"super_admin","roleId":3,"roleKeyFromView":"super_admin","roleKeyWasEmpty":false},"hypothesisId":"H8","location":"handler/login.go:AuthenticateSysAdmin","message":"role keys for rbac","runId":"admin-login","sessionId":"a35f07","timestamp":1776996609004}
{"data":{"adminId":6,"roleId":3},"hypothesisId":"H4","location":"handler/login.go:AuthenticateSysAdmin","message":"authenticate success","runId":"admin-login","sessionId":"a35f07","timestamp":1776996609005}
