{"sessionId":"bd9af0","runId":"pre-fix","hypothesisId":"H1","location":"services/device/internal/handler/routes.go:24","message":"device routes registering","data":{"prefix":"/api/v1/device","publicRegisterRoute":true,"jwtBindRoute":true},"timestamp":1776333177568}
{"sessionId":"bd9af0","runId":"pre-fix","hypothesisId":"H1","location":"services/device/internal/handler/routes.go:24","message":"device routes registering","data":{"prefix":"/api/v1/device","publicRegisterRoute":true,"jwtBindRoute":true},"timestamp":1776333213221}
{"sessionId":"bd9af0","runId":"pre-fix","hypothesisId":"H1","location":"services/device/internal/handler/routes.go:24","message":"device routes registering","data":{"prefix":"/api/v1/device","publicRegisterRoute":true,"jwtBindRoute":true},"timestamp":1776333343736}
{"sessionId":"bd9af0","runId":"pre-fix","hypothesisId":"H30","location":"services/device/internal/handler/registerDeviceHandler.go:31","message":"register request parsed","data":{"sn":"SN1234567890","productKey":"audiopro001","hasModel":true,"hasMac":true},"timestamp":1776333349268}
{"sessionId":"bd9af0","runId":"pre-fix","hypothesisId":"H32","location":"services/device/internal/logic/registerDeviceLogic.go:40","message":"register logic entered","data":{"sn":"SN1234567890","productKey":"audiopro001","firmwareVersion":"v1.2.4"},"timestamp":1776333349269}
{"sessionId":"bd9af0","runId":"pre-fix","hypothesisId":"H33","location":"services/device/internal/logic/registerDeviceLogic.go:44","message":"register logic returning zero values","data":{"respNil":true,"errNil":true},"timestamp":1776333349269}
{"sessionId":"bd9af0","runId":"pre-fix","hypothesisId":"H31","location":"services/device/internal/handler/registerDeviceHandler.go:36","message":"register logic returned","data":{"respNil":true,"errNil":true},"timestamp":1776333349270}
{"sessionId":"bd9af0","runId":"pre-fix","hypothesisId":"H1","location":"services/device/internal/handler/routes.go:24","message":"device routes registering","data":{"prefix":"/api/v1/device","publicRegisterRoute":true,"jwtBindRoute":true},"timestamp":1776333460498}
{"sessionId":"bd9af0","runId":"pre-fix","hypothesisId":"H30","location":"services/device/internal/handler/registerDeviceHandler.go:31","message":"register request parsed","data":{"sn":"SN1234567890","productKey":"audiopro001","hasModel":true,"hasMac":true},"timestamp":1776333464265}
{"sessionId":"bd9af0","runId":"pre-fix","hypothesisId":"H32","location":"services/device/internal/logic/registerDeviceLogic.go:40","message":"register logic entered","data":{"sn":"SN1234567890","productKey":"audiopro001","firmwareVersion":"v1.2.4"},"timestamp":1776333464266}
{"sessionId":"bd9af0","runId":"pre-fix","hypothesisId":"H33","location":"services/device/internal/logic/registerDeviceLogic.go:44","message":"register logic returning zero values","data":{"respNil":true,"errNil":true},"timestamp":1776333464266}
{"sessionId":"bd9af0","runId":"pre-fix","hypothesisId":"H31","location":"services/device/internal/handler/registerDeviceHandler.go:36","message":"register logic returned","data":{"respNil":true,"errNil":true},"timestamp":1776333464267}
{"sessionId":"bd9af0","runId":"pre-fix","hypothesisId":"H30","location":"services/device/internal/handler/registerDeviceHandler.go:31","message":"register request parsed","data":{"sn":"SN1234567890","productKey":"audiopro001","hasModel":true,"hasMac":true},"timestamp":1776333490509}
{"sessionId":"bd9af0","runId":"pre-fix","hypothesisId":"H32","location":"services/device/internal/logic/registerDeviceLogic.go:40","message":"register logic entered","data":{"sn":"SN1234567890","productKey":"audiopro001","firmwareVersion":"v1.2.4"},"timestamp":1776333490511}
{"sessionId":"bd9af0","runId":"pre-fix","hypothesisId":"H33","location":"services/device/internal/logic/registerDeviceLogic.go:44","message":"register logic returning zero values","data":{"respNil":true,"errNil":true},"timestamp":1776333490514}
{"sessionId":"bd9af0","runId":"pre-fix","hypothesisId":"H31","location":"services/device/internal/handler/registerDeviceHandler.go:36","message":"register logic returned","data":{"respNil":true,"errNil":true},"timestamp":1776333490516}
{"sessionId":"bd9af0","runId":"pre-fix","hypothesisId":"H1","location":"services/device/internal/handler/routes.go:24","message":"device routes registering","data":{"prefix":"/api/v1/device","publicRegisterRoute":true,"jwtBindRoute":true},"timestamp":1776334416798}
{"sessionId":"bd9af0","runId":"pre-fix","hypothesisId":"H30","location":"services/device/internal/handler/registerDeviceHandler.go:31","message":"register request parsed","data":{"sn":"SN1234567890","productKey":"audiopro001","hasModel":true,"hasMac":true},"timestamp":1776334423587}
{"sessionId":"bd9af0","runId":"pre-fix","hypothesisId":"H32","location":"services/device/internal/logic/registerDeviceLogic.go:40","message":"register logic entered","data":{"sn":"SN1234567890","productKey":"audiopro001","firmwareVersion":"v1.2.4"},"timestamp":1776334423588}
{"sessionId":"bd9af0","runId":"pre-fix","hypothesisId":"H31","location":"services/device/internal/handler/registerDeviceHandler.go:36","message":"register logic returned","data":{"respNil":true,"errNil":false},"timestamp":1776334423643}
{"sessionId":"bd9af0","runId":"pre-fix","hypothesisId":"H30","location":"services/device/internal/handler/registerDeviceHandler.go:31","message":"register request parsed","data":{"sn":"SN1234567890","productKey":"audiopro001","hasModel":true,"hasMac":true},"timestamp":1776334428794}
{"sessionId":"bd9af0","runId":"pre-fix","hypothesisId":"H32","location":"services/device/internal/logic/registerDeviceLogic.go:40","message":"register logic entered","data":{"sn":"SN1234567890","productKey":"audiopro001","firmwareVersion":"v1.2.5"},"timestamp":1776334428795}
{"sessionId":"bd9af0","runId":"pre-fix","hypothesisId":"H31","location":"services/device/internal/handler/registerDeviceHandler.go:36","message":"register logic returned","data":{"respNil":true,"errNil":false},"timestamp":1776334428844}
{"sessionId":"bd9af0","runId":"pre-fix","hypothesisId":"H30","location":"services/device/internal/handler/registerDeviceHandler.go:31","message":"register request parsed","data":{"sn":"SN1234567890","productKey":"audiopro001","hasModel":true,"hasMac":true},"timestamp":1776334438198}
{"sessionId":"bd9af0","runId":"pre-fix","hypothesisId":"H32","location":"services/device/internal/logic/registerDeviceLogic.go:40","message":"register logic entered","data":{"sn":"SN1234567890","productKey":"audiopro001","firmwareVersion":"v1.2.5"},"timestamp":1776334438199}
{"sessionId":"bd9af0","runId":"pre-fix","hypothesisId":"H31","location":"services/device/internal/handler/registerDeviceHandler.go:36","message":"register logic returned","data":{"respNil":true,"errNil":false},"timestamp":1776334438200}
{"sessionId":"bd9af0","runId":"pre-fix","hypothesisId":"H30","location":"services/device/internal/handler/registerDeviceHandler.go:31","message":"register request parsed","data":{"sn":"SN1234567890","productKey":"audiopro002","hasModel":true,"hasMac":true},"timestamp":1776334451635}
{"sessionId":"bd9af0","runId":"pre-fix","hypothesisId":"H32","location":"services/device/internal/logic/registerDeviceLogic.go:40","message":"register logic entered","data":{"sn":"SN1234567890","productKey":"audiopro002","firmwareVersion":"v1.2.5"},"timestamp":1776334451636}
{"sessionId":"bd9af0","runId":"pre-fix","hypothesisId":"H31","location":"services/device/internal/handler/registerDeviceHandler.go:36","message":"register logic returned","data":{"respNil":true,"errNil":false},"timestamp":1776334451692}
{"sessionId":"bd9af0","runId":"pre-fix","hypothesisId":"H30","location":"services/device/internal/handler/registerDeviceHandler.go:31","message":"register request parsed","data":{"sn":"SN1234567891","productKey":"audiopro002","hasModel":true,"hasMac":true},"timestamp":1776334459177}
{"sessionId":"bd9af0","runId":"pre-fix","hypothesisId":"H32","location":"services/device/internal/logic/registerDeviceLogic.go:40","message":"register logic entered","data":{"sn":"SN1234567891","productKey":"audiopro002","firmwareVersion":"v1.2.5"},"timestamp":1776334459178}
{"sessionId":"bd9af0","runId":"pre-fix","hypothesisId":"H31","location":"services/device/internal/handler/registerDeviceHandler.go:36","message":"register logic returned","data":{"respNil":false,"errNil":true},"timestamp":1776334459235}
{"sessionId":"bd9af0","runId":"pre-fix","hypothesisId":"H1","location":"services/device/internal/handler/routes.go:24","message":"device routes registering","data":{"prefix":"/api/v1/device","publicRegisterRoute":true,"jwtBindRoute":true},"timestamp":1776335502568}
{"sessionId":"bd9af0","runId":"pre-fix","hypothesisId":"H1","location":"services/device/internal/handler/routes.go:24","message":"device routes registering","data":{"prefix":"/api/v1/device","publicRegisterRoute":true,"jwtBindRoute":true},"timestamp":1776335714242}
{"sessionId":"bd9af0","runId":"pre-fix","hypothesisId":"H1","location":"services/device/internal/handler/routes.go:24","message":"device routes registering","data":{"prefix":"/api/v1/device","publicRegisterRoute":true,"jwtBindRoute":true},"timestamp":1776335952064}
{"sessionId":"bd9af0","runId":"pre-fix","hypothesisId":"H30","location":"services/device/internal/handler/registerDeviceHandler.go:31","message":"register request parsed","data":{"sn":"","productKey":"audiopro002","hasModel":true,"hasMac":true},"timestamp":1776335964665}
{"sessionId":"bd9af0","runId":"pre-fix","hypothesisId":"H32","location":"services/device/internal/logic/registerDeviceLogic.go:40","message":"register logic entered","data":{"sn":"","productKey":"audiopro002","firmwareVersion":"v1.2.5"},"timestamp":1776335964666}
{"sessionId":"bd9af0","runId":"pre-fix","hypothesisId":"H31","location":"services/device/internal/handler/registerDeviceHandler.go:36","message":"register logic returned","data":{"respNil":false,"errNil":true},"timestamp":1776335964724}
{"sessionId":"bd9af0","runId":"pre-fix","hypothesisId":"H1","location":"services/device/internal/handler/routes.go:24","message":"device routes registering","data":{"prefix":"/api/v1/device","publicRegisterRoute":true,"jwtBindRoute":true},"timestamp":1776391668941}
{"sessionId":"bd9af0","runId":"pre-fix","hypothesisId":"H30","location":"services/device/internal/handler/registerDeviceHandler.go:31","message":"register request parsed","data":{"sn":"","productKey":"audiopro002","hasModel":true,"hasMac":true},"timestamp":1776391731836}
{"sessionId":"bd9af0","runId":"pre-fix","hypothesisId":"H32","location":"services/device/internal/logic/registerDeviceLogic.go:40","message":"register logic entered","data":{"sn":"","productKey":"audiopro002","firmwareVersion":"v1.2.5"},"timestamp":1776391731837}
{"sessionId":"bd9af0","runId":"pre-fix","hypothesisId":"H31","location":"services/device/internal/handler/registerDeviceHandler.go:36","message":"register logic returned","data":{"respNil":false,"errNil":true},"timestamp":1776391731904}
{"data":{"accessExpireSec":3600,"exp":1776395705,"iat":1776392105,"jwtDotCount":2,"tokenLen":143,"userId":5},"hypothesisId":"H1","location":"login_logic.go:Login","message":"issued login access token","runId":"pre-fix","sessionId":"bd9af0","timestamp":1776392105100}
{"sessionId":"bd9af0","runId":"pre-fix","hypothesisId":"H1","location":"services/device/internal/handler/routes.go:24","message":"device routes registering","data":{"prefix":"/api/v1/device","publicRegisterRoute":true,"jwtBindRoute":true},"timestamp":1776392128361}
{"sessionId":"bd9af0","runId":"pre-fix","hypothesisId":"H1","location":"services/device/internal/handler/routes.go:24","message":"device routes registering","data":{"prefix":"/api/v1/device","publicRegisterRoute":true,"jwtRoutesRemoved":true},"timestamp":1776393185617}
{"sessionId":"bd9af0","runId":"pre-fix","hypothesisId":"H30","location":"services/device/internal/handler/registerDeviceHandler.go:31","message":"register request parsed","data":{"sn":"","productKey":"audiopro002","hasModel":true,"hasMac":true},"timestamp":1776393201861}
{"sessionId":"bd9af0","runId":"pre-fix","hypothesisId":"H32","location":"services/device/internal/logic/registerDeviceLogic.go:40","message":"register logic entered","data":{"sn":"","productKey":"audiopro002","firmwareVersion":"v1.2.5"},"timestamp":1776393201862}
{"sessionId":"bd9af0","runId":"pre-fix","hypothesisId":"H31","location":"services/device/internal/handler/registerDeviceHandler.go:36","message":"register logic returned","data":{"respNil":false,"errNil":true},"timestamp":1776393201929}
{"sessionId":"bd9af0","runId":"pre-fix","hypothesisId":"H1","location":"services/device/internal/handler/routes.go:24","message":"device routes registering","data":{"prefix":"/api/v1/device","publicRegisterRoute":true,"jwtRoutesRemoved":true},"timestamp":1776399810618}
{"data":{"accessExpireSec":3600,"exp":1776403508,"iat":1776399908,"jwtDotCount":2,"tokenLen":143,"userId":5},"hypothesisId":"H1","location":"login_logic.go:Login","message":"issued login access token","runId":"pre-fix","sessionId":"bd9af0","timestamp":1776399908128}
{"sessionId":"bd9af0","runId":"pre-fix","hypothesisId":"H1","location":"services/device/internal/handler/routes.go:24","message":"device routes registering","data":{"prefix":"/api/v1/device","publicRegisterRoute":true,"jwtRoutesRemoved":true},"timestamp":1776404229705}
{"sessionId":"bd9af0","runId":"pre-fix","hypothesisId":"H1","location":"services/device/internal/handler/routes.go:24","message":"device routes registering","data":{"prefix":"/api/v1/device","publicRegisterRoute":true,"jwtRoutesRemoved":true},"timestamp":1776404517264}
{"data":{"table":"public.users","userId":13800138001},"hypothesisId":"H6","location":"device_bind_dao.go:FindUserByID","message":"query binding user row","runId":"pre-fix","sessionId":"bd9af0","timestamp":1776411498658}
{"data":{"errSnippet":"Query: could not match actual sql: \"SELECT id, email, mobile, COALESCE(nickname, ''), COALESCE(avatar, ''), status, created_at FROM public.users WHERE id = $1 AND deleted_at IS NULL LIMIT 1\" with expected regexp \"SELECT ","errType":"*errors.errorString","table":"public.users","userId":13800138001},"hypothesisId":"H6","location":"device_bind_dao.go:FindUserByID","message":"query binding user failed","runId":"pre-fix","sessionId":"bd9af0","timestamp":1776411498658}
{"sessionId":"bd9af0","runId":"pre-fix","hypothesisId":"H1","location":"services/device/internal/handler/routes.go:24","message":"device routes registering","data":{"prefix":"/api/v1/device","publicRegisterRoute":true,"jwtRoutesRemoved":true},"timestamp":1776740427471}
{"sessionId":"bd9af0","runId":"pre-fix","hypothesisId":"H1","location":"services/device/internal/handler/routes.go:24","message":"device routes registering","data":{"prefix":"/api/v1/device","publicRegisterRoute":true,"jwtRoutesRemoved":true},"timestamp":1776741181602}
{"sessionId":"bd9af0","runId":"pre-fix","hypothesisId":"H1","location":"services/device/internal/handler/routes.go:24","message":"device routes registering","data":{"prefix":"/api/v1/device","publicRegisterRoute":true,"jwtRoutesRemoved":true},"timestamp":1776741290534}
{"sessionId":"bd9af0","runId":"pre-fix","hypothesisId":"H1","location":"services/device/internal/handler/routes.go:24","message":"device routes registering","data":{"prefix":"/api/v1/device","publicRegisterRoute":true,"jwtRoutesRemoved":true},"timestamp":1776741417472}
{"sessionId":"bd9af0","runId":"pre-fix","hypothesisId":"H1","location":"services/device/internal/handler/routes.go:24","message":"device routes registering","data":{"prefix":"/api/v1/device","publicRegisterRoute":true,"jwtRoutesRemoved":true},"timestamp":1776741591834}
{"sessionId":"bd9af0","runId":"pre-fix","hypothesisId":"H1","location":"services/device/internal/handler/routes.go:24","message":"device routes registering","data":{"prefix":"/api/v1/device","publicRegisterRoute":true,"jwtRoutesRemoved":true},"timestamp":1776741970434}
{"sessionId":"bd9af0","runId":"pre-fix","hypothesisId":"H30","location":"services/device/internal/handler/registerDeviceHandler.go:31","message":"register request parsed","data":{"sn":"DEVICE1234567890","productKey":"audiopro002","hasModel":true,"hasMac":true},"timestamp":1776741991072}
{"sessionId":"bd9af0","runId":"pre-fix","hypothesisId":"H32","location":"services/device/internal/logic/registerDeviceLogic.go:40","message":"register logic entered","data":{"sn":"DEVICE1234567890","productKey":"audiopro002","firmwareVersion":"v1.0.0"},"timestamp":1776741991073}
{"sessionId":"bd9af0","runId":"pre-fix","hypothesisId":"H31","location":"services/device/internal/handler/registerDeviceHandler.go:36","message":"register logic returned","data":{"respNil":true,"errNil":false},"timestamp":1776741991076}
{"sessionId":"bd9af0","runId":"pre-fix","hypothesisId":"H30","location":"services/device/internal/handler/registerDeviceHandler.go:31","message":"register request parsed","data":{"sn":"DEVICE1234567890","productKey":"audiopro002","hasModel":true,"hasMac":true},"timestamp":1776759532375}
{"sessionId":"bd9af0","runId":"pre-fix","hypothesisId":"H32","location":"services/device/internal/logic/registerDeviceLogic.go:40","message":"register logic entered","data":{"sn":"DEVICE1234567890","productKey":"audiopro002","firmwareVersion":"v1.0.0"},"timestamp":1776759532377}
{"sessionId":"bd9af0","runId":"pre-fix","hypothesisId":"H31","location":"services/device/internal/handler/registerDeviceHandler.go:36","message":"register logic returned","data":{"respNil":true,"errNil":false},"timestamp":1776759532389}
{"sessionId":"bd9af0","runId":"pre-fix","hypothesisId":"H1","location":"services/device/internal/handler/routes.go:24","message":"device routes registering","data":{"prefix":"/api/v1/device","publicRegisterRoute":true,"jwtRoutesRemoved":true},"timestamp":1776760235854}
{"sessionId":"bd9af0","runId":"pre-fix","hypothesisId":"H30","location":"services/device/internal/handler/registerDeviceHandler.go:31","message":"register request parsed","data":{"sn":"DEVICE1234567890","productKey":"audiopro002","hasModel":true,"hasMac":true},"timestamp":1776760242348}
{"sessionId":"bd9af0","runId":"pre-fix","hypothesisId":"H32","location":"services/device/internal/logic/registerDeviceLogic.go:40","message":"register logic entered","data":{"sn":"DEVICE1234567890","productKey":"audiopro002","firmwareVersion":"v1.0.0"},"timestamp":1776760242350}
{"sessionId":"bd9af0","runId":"pre-fix","hypothesisId":"H31","location":"services/device/internal/handler/registerDeviceHandler.go:36","message":"register logic returned","data":{"respNil":true,"errNil":false},"timestamp":1776760242358}
{"sessionId":"bd9af0","runId":"pre-fix","hypothesisId":"H30","location":"services/device/internal/handler/registerDeviceHandler.go:31","message":"register request parsed","data":{"sn":"DEVICE1234567890","productKey":"audiopro002","hasModel":true,"hasMac":true},"timestamp":1776760246627}
{"sessionId":"bd9af0","runId":"pre-fix","hypothesisId":"H32","location":"services/device/internal/logic/registerDeviceLogic.go:40","message":"register logic entered","data":{"sn":"DEVICE1234567890","productKey":"audiopro002","firmwareVersion":"v1.0.0"},"timestamp":1776760246629}
{"sessionId":"bd9af0","runId":"pre-fix","hypothesisId":"H31","location":"services/device/internal/handler/registerDeviceHandler.go:36","message":"register logic returned","data":{"respNil":true,"errNil":false},"timestamp":1776760246631}
{"data":{"accessExpireSec":3600,"exp":1777265179,"iat":1777261579,"jwtDotCount":2,"tokenLen":143,"userId":5},"hypothesisId":"H1","location":"login_logic.go:Login","message":"issued login access token","runId":"pre-fix","sessionId":"bd9af0","timestamp":1777261579238}
{"data":{"accessExpireSec":3600,"exp":1777265843,"iat":1777262243,"jwtDotCount":2,"tokenLen":143,"userId":5},"hypothesisId":"H1","location":"login_logic.go:Login","message":"issued login access token","runId":"pre-fix","sessionId":"bd9af0","timestamp":1777262243978}
{"data":{"accessExpireSec":3600,"exp":1777267436,"iat":1777263836,"jwtDotCount":2,"tokenLen":143,"userId":5},"hypothesisId":"H1","location":"login_logic.go:Login","message":"issued login access token","runId":"pre-fix","sessionId":"bd9af0","timestamp":1777263836197}
{"data":{"accessExpireSec":3600,"exp":1777267699,"iat":1777264099,"jwtDotCount":2,"tokenLen":143,"userId":5},"hypothesisId":"H1","location":"login_logic.go:Login","message":"issued login access token","runId":"pre-fix","sessionId":"bd9af0","timestamp":1777264099700}
{"data":{"accessExpireSec":3600,"exp":1777272134,"iat":1777268534,"jwtDotCount":2,"tokenLen":143,"userId":5},"hypothesisId":"H1","location":"login_logic.go:Login","message":"issued login access token","runId":"pre-fix","sessionId":"bd9af0","timestamp":1777268534757}
{"data":{"accessExpireSec":3600,"exp":1777272670,"iat":1777269070,"jwtDotCount":2,"tokenLen":143,"userId":5},"hypothesisId":"H1","location":"login_logic.go:Login","message":"issued login access token","runId":"pre-fix","sessionId":"bd9af0","timestamp":1777269070387}
{"data":{"accessExpireSec":3600,"exp":1777274105,"iat":1777270505,"jwtDotCount":2,"tokenLen":143,"userId":5},"hypothesisId":"H1","location":"login_logic.go:Login","message":"issued login access token","runId":"pre-fix","sessionId":"bd9af0","timestamp":1777270505263}
{"data":{"accessExpireSec":3600,"exp":1777277370,"iat":1777273770,"jwtDotCount":2,"tokenLen":143,"userId":5},"hypothesisId":"H1","location":"login_logic.go:Login","message":"issued login access token","runId":"pre-fix","sessionId":"bd9af0","timestamp":1777273770960}
{"data":{"accessExpireSec":3600,"exp":1777279938,"iat":1777276338,"jwtDotCount":2,"tokenLen":143,"userId":5},"hypothesisId":"H1","location":"login_logic.go:Login","message":"issued login access token","runId":"pre-fix","sessionId":"bd9af0","timestamp":1777276338455}
{"data":{"accessExpireSec":3600,"exp":1777282644,"iat":1777279044,"jwtDotCount":2,"tokenLen":143,"userId":5},"hypothesisId":"H1","location":"login_logic.go:Login","message":"issued login access token","runId":"pre-fix","sessionId":"bd9af0","timestamp":1777279044433}
{"data":{"accessExpireSec":3600,"exp":1777284345,"iat":1777280745,"jwtDotCount":2,"tokenLen":143,"userId":5},"hypothesisId":"H1","location":"login_logic.go:Login","message":"issued login access token","runId":"pre-fix","sessionId":"bd9af0","timestamp":1777280745571}
{"data":{"accessExpireSec":3600,"exp":1777285397,"iat":1777281797,"jwtDotCount":2,"tokenLen":143,"userId":5},"hypothesisId":"H1","location":"login_logic.go:Login","message":"issued login access token","runId":"pre-fix","sessionId":"bd9af0","timestamp":1777281797416}
{"data":{"accessExpireSec":3600,"exp":1777286104,"iat":1777282504,"jwtDotCount":2,"tokenLen":143,"userId":5},"hypothesisId":"H1","location":"login_logic.go:Login","message":"issued login access token","runId":"pre-fix","sessionId":"bd9af0","timestamp":1777282504763}
{"data":{"accessExpireSec":3600,"exp":1777286846,"iat":1777283246,"jwtDotCount":2,"tokenLen":143,"userId":5},"hypothesisId":"H1","location":"login_logic.go:Login","message":"issued login access token","runId":"pre-fix","sessionId":"bd9af0","timestamp":1777283246899}
{"data":{"accessExpireSec":3600,"exp":1777287324,"iat":1777283724,"jwtDotCount":2,"tokenLen":143,"userId":5},"hypothesisId":"H1","location":"login_logic.go:Login","message":"issued login access token","runId":"pre-fix","sessionId":"bd9af0","timestamp":1777283724668}
{"data":{"accessExpireSec":3600,"exp":1777287847,"iat":1777284247,"jwtDotCount":2,"tokenLen":143,"userId":5},"hypothesisId":"H1","location":"login_logic.go:Login","message":"issued login access token","runId":"pre-fix","sessionId":"bd9af0","timestamp":1777284247666}
{"data":{"accessExpireSec":3600,"exp":1777288322,"iat":1777284722,"jwtDotCount":2,"tokenLen":143,"userId":5},"hypothesisId":"H1","location":"login_logic.go:Login","message":"issued login access token","runId":"pre-fix","sessionId":"bd9af0","timestamp":1777284722507}
{"data":{"accessExpireSec":3600,"exp":1777288863,"iat":1777285263,"jwtDotCount":2,"tokenLen":143,"userId":5},"hypothesisId":"H1","location":"login_logic.go:Login","message":"issued login access token","runId":"pre-fix","sessionId":"bd9af0","timestamp":1777285263899}
{"data":{"accessExpireSec":3600,"exp":1777289650,"iat":1777286050,"jwtDotCount":2,"tokenLen":143,"userId":5},"hypothesisId":"H1","location":"login_logic.go:Login","message":"issued login access token","runId":"pre-fix","sessionId":"bd9af0","timestamp":1777286050899}
{"data":{"accessExpireSec":3600,"exp":1777347368,"iat":1777343768,"jwtDotCount":2,"tokenLen":143,"userId":5},"hypothesisId":"H1","location":"login_logic.go:Login","message":"issued login access token","runId":"pre-fix","sessionId":"bd9af0","timestamp":1777343768488}
{"data":{"accessExpireSec":3600,"exp":1777348472,"iat":1777344872,"jwtDotCount":2,"tokenLen":143,"userId":5},"hypothesisId":"H1","location":"login_logic.go:Login","message":"issued login access token","runId":"pre-fix","sessionId":"bd9af0","timestamp":1777344872281}
{"data":{"accessExpireSec":3600,"exp":1777353648,"iat":1777350048,"jwtDotCount":2,"tokenLen":143,"userId":5},"hypothesisId":"H1","location":"login_logic.go:Login","message":"issued login access token","runId":"pre-fix","sessionId":"bd9af0","timestamp":1777350048746}
{"data":{"accessExpireSec":3600,"exp":1777360089,"iat":1777356489,"jwtDotCount":2,"tokenLen":143,"userId":5},"hypothesisId":"H1","location":"login_logic.go:Login","message":"issued login access token","runId":"pre-fix","sessionId":"bd9af0","timestamp":1777356489483}
{"data":{"accessExpireSec":3600,"exp":1777361100,"iat":1777357500,"jwtDotCount":2,"tokenLen":143,"userId":5},"hypothesisId":"H1","location":"login_logic.go:Login","message":"issued login access token","runId":"pre-fix","sessionId":"bd9af0","timestamp":1777357500135}
{"data":{"accessExpireSec":3600,"exp":1777363251,"iat":1777359651,"jwtDotCount":2,"tokenLen":143,"userId":5},"hypothesisId":"H1","location":"login_logic.go:Login","message":"issued login access token","runId":"pre-fix","sessionId":"bd9af0","timestamp":1777359651590}
{"data":{"accessExpireSec":3600,"exp":1777371064,"iat":1777367464,"jwtDotCount":2,"tokenLen":143,"userId":5},"hypothesisId":"H1","location":"login_logic.go:Login","message":"issued login access token","runId":"pre-fix","sessionId":"bd9af0","timestamp":1777367464824}
{"data":{"accessExpireSec":3600,"exp":1777432045,"iat":1777428445,"jwtDotCount":2,"tokenLen":143,"userId":5},"hypothesisId":"H1","location":"login_logic.go:Login","message":"issued login access token","runId":"pre-fix","sessionId":"bd9af0","timestamp":1777428445189}
{"data":{"accessExpireSec":3600,"exp":1777436159,"iat":1777432559,"jwtDotCount":2,"tokenLen":143,"userId":5},"hypothesisId":"H1","location":"login_logic.go:Login","message":"issued login access token","runId":"pre-fix","sessionId":"bd9af0","timestamp":1777432559908}
{"data":{"accessExpireSec":3600,"exp":1777440164,"iat":1777436564,"jwtDotCount":2,"tokenLen":143,"userId":5},"hypothesisId":"H1","location":"login_logic.go:Login","message":"issued login access token","runId":"pre-fix","sessionId":"bd9af0","timestamp":1777436564767}
{"data":{"accessExpireSec":3600,"exp":1777444311,"iat":1777440711,"jwtDotCount":2,"tokenLen":143,"userId":5},"hypothesisId":"H1","location":"login_logic.go:Login","message":"issued login access token","runId":"pre-fix","sessionId":"bd9af0","timestamp":1777440711991}
{"data":{"accessExpireSec":3600,"exp":1777444739,"iat":1777441139,"jwtDotCount":2,"tokenLen":143,"userId":5},"hypothesisId":"H1","location":"login_logic.go:Login","message":"issued login access token","runId":"pre-fix","sessionId":"bd9af0","timestamp":1777441139629}
{"data":{"accessExpireSec":3600,"exp":1777447102,"iat":1777443502,"jwtDotCount":2,"tokenLen":143,"userId":5},"hypothesisId":"H1","location":"login_logic.go:Login","message":"issued login access token","runId":"pre-fix","sessionId":"bd9af0","timestamp":1777443502954}
{"data":{"accessExpireSec":3600,"exp":1777448689,"iat":1777445089,"jwtDotCount":2,"tokenLen":143,"userId":5},"hypothesisId":"H1","location":"login_logic.go:Login","message":"issued login access token","runId":"pre-fix","sessionId":"bd9af0","timestamp":1777445089593}
{"data":{"accessExpireSec":3600,"exp":1777449786,"iat":1777446186,"jwtDotCount":2,"tokenLen":143,"userId":5},"hypothesisId":"H1","location":"login_logic.go:Login","message":"issued login access token","runId":"pre-fix","sessionId":"bd9af0","timestamp":1777446186200}
{"data":{"accessExpireSec":3600,"exp":1777450398,"iat":1777446798,"jwtDotCount":2,"tokenLen":143,"userId":5},"hypothesisId":"H1","location":"login_logic.go:Login","message":"issued login access token","runId":"pre-fix","sessionId":"bd9af0","timestamp":1777446798065}
{"data":{"accessExpireSec":3600,"exp":1777452058,"iat":1777448458,"jwtDotCount":2,"tokenLen":143,"userId":5},"hypothesisId":"H1","location":"login_logic.go:Login","message":"issued login access token","runId":"pre-fix","sessionId":"bd9af0","timestamp":1777448458627}
{"data":{"accessExpireSec":3600,"exp":1777455711,"iat":1777452111,"jwtDotCount":2,"tokenLen":143,"userId":5},"hypothesisId":"H1","location":"login_logic.go:Login","message":"issued login access token","runId":"pre-fix","sessionId":"bd9af0","timestamp":1777452111578}
{"data":{"accessExpireSec":3600,"exp":1777462855,"iat":1777459255,"jwtDotCount":2,"tokenLen":143,"userId":5},"hypothesisId":"H1","location":"login_logic.go:Login","message":"issued login access token","runId":"pre-fix","sessionId":"bd9af0","timestamp":1777459255150}
{"data":{"accessExpireSec":3600,"exp":1777517821,"iat":1777514221,"jwtDotCount":2,"tokenLen":143,"userId":5},"hypothesisId":"H1","location":"login_logic.go:Login","message":"issued login access token","runId":"pre-fix","sessionId":"bd9af0","timestamp":1777514221108}
{"data":{"accessExpireSec":3600,"exp":1777518985,"iat":1777515385,"jwtDotCount":2,"tokenLen":143,"userId":5},"hypothesisId":"H1","location":"login_logic.go:Login","message":"issued login access token","runId":"pre-fix","sessionId":"bd9af0","timestamp":1777515385601}
{"data":{"accessExpireSec":3600,"exp":1777519227,"iat":1777515627,"jwtDotCount":2,"tokenLen":143,"userId":5},"hypothesisId":"H1","location":"login_logic.go:Login","message":"issued login access token","runId":"pre-fix","sessionId":"bd9af0","timestamp":1777515627341}
