{"sessionId":"7ecf94","runId":"pre-fix","hypothesisId":"H18","location":"services/device/internal/handler/registerDeviceHandler.go:44","message":"register request parse failed","data":{"contentType":"application/json","contentLength":165,"err":"string: `{\r\n  \"firmware_version\": \"v1.2.5\",\r\n  \"hardware_version\": \"v1.0\",\r\n  \"mac\": \"AA:BB:CC:DD:EE:FF\",\r\n  \"model\": \"audio-ai-pro-02\",\r\n  \"product_key\": \"audiopro002\",\r\n\r\n}`, error: `invalid character '}' looking for beginning of object key string`"},"timestamp":1776335956451}
{"sessionId":"7ecf94","runId":"pre-fix","hypothesisId":"H1","location":"services/device/internal/handler/registerDeviceHandler.go:46","message":"register request parsed","data":{"snEmpty":true,"productKey":"audiopro002","hasModel":true,"hasMac":true},"timestamp":1776335964664}
{"sessionId":"7ecf94","runId":"pre-fix","hypothesisId":"H3","location":"services/device/internal/logic/registerDeviceLogic.go:53","message":"register logic entered","data":{"sn":"","productKey":"audiopro002","firmwareVersion":"v1.2.5"},"timestamp":1776335964665}
{"sessionId":"7ecf94","runId":"post-fix","hypothesisId":"H17","location":"services/device/internal/logic/registerDeviceLogic.go:113","message":"register auto sn created device","data":{"deviceId":4,"sn":"SNA001P002000012"},"timestamp":1776335964723}
{"sessionId":"7ecf94","runId":"pre-fix","hypothesisId":"H2","location":"services/device/internal/handler/registerDeviceHandler.go:49","message":"register logic returned","data":{"respNil":false,"errNil":true},"timestamp":1776335964724}
{"sessionId":"7ecf94","runId":"post-fix","hypothesisId":"H15","location":"services/device/internal/handler/registerDeviceHandler.go:76","message":"register handler writing success response","data":{"deviceId":4,"wrapped":true},"timestamp":1776335964726}
{"sessionId":"7ecf94","runId":"pre-fix","hypothesisId":"H1","location":"services/device/internal/handler/registerDeviceHandler.go:46","message":"register request parsed","data":{"snEmpty":true,"productKey":"audiopro002","hasModel":true,"hasMac":true},"timestamp":1776391731835}
{"sessionId":"7ecf94","runId":"pre-fix","hypothesisId":"H3","location":"services/device/internal/logic/registerDeviceLogic.go:53","message":"register logic entered","data":{"sn":"","productKey":"audiopro002","firmwareVersion":"v1.2.5"},"timestamp":1776391731837}
{"sessionId":"7ecf94","runId":"post-fix","hypothesisId":"H17","location":"services/device/internal/logic/registerDeviceLogic.go:113","message":"register auto sn created device","data":{"deviceId":5,"sn":"SNA001P002000023"},"timestamp":1776391731903}
{"sessionId":"7ecf94","runId":"pre-fix","hypothesisId":"H2","location":"services/device/internal/handler/registerDeviceHandler.go:49","message":"register logic returned","data":{"respNil":false,"errNil":true},"timestamp":1776391731904}
{"sessionId":"7ecf94","runId":"post-fix","hypothesisId":"H15","location":"services/device/internal/handler/registerDeviceHandler.go:76","message":"register handler writing success response","data":{"deviceId":5,"wrapped":true},"timestamp":1776391731908}
{"sessionId":"7ecf94","runId":"pre-fix","hypothesisId":"H1","location":"services/device/internal/handler/registerDeviceHandler.go:46","message":"register request parsed","data":{"snEmpty":true,"productKey":"audiopro002","hasModel":true,"hasMac":true},"timestamp":1776393201859}
{"sessionId":"7ecf94","runId":"pre-fix","hypothesisId":"H3","location":"services/device/internal/logic/registerDeviceLogic.go:53","message":"register logic entered","data":{"sn":"","productKey":"audiopro002","firmwareVersion":"v1.2.5"},"timestamp":1776393201862}
{"sessionId":"7ecf94","runId":"post-fix","hypothesisId":"H17","location":"services/device/internal/logic/registerDeviceLogic.go:113","message":"register auto sn created device","data":{"deviceId":6,"sn":"SNA001P002000034"},"timestamp":1776393201929}
{"sessionId":"7ecf94","runId":"pre-fix","hypothesisId":"H2","location":"services/device/internal/handler/registerDeviceHandler.go:49","message":"register logic returned","data":{"respNil":false,"errNil":true},"timestamp":1776393201929}
{"sessionId":"7ecf94","runId":"post-fix","hypothesisId":"H15","location":"services/device/internal/handler/registerDeviceHandler.go:76","message":"register handler writing success response","data":{"deviceId":6,"wrapped":true},"timestamp":1776393201932}
{"sessionId":"7ecf94","runId":"pre-fix","hypothesisId":"H18","location":"services/device/internal/handler/registerDeviceHandler.go:44","message":"register request parse failed","data":{"contentType":"application/json","contentLength":162,"err":"field \"sn\" is not set"},"timestamp":1776740443280}
{"sessionId":"7ecf94","runId":"pre-fix","hypothesisId":"H18","location":"services/device/internal/handler/registerDeviceHandler.go:44","message":"register request parse failed","data":{"contentType":"application/json","contentLength":162,"err":"field \"sn\" is not set"},"timestamp":1776740475505}
{"sessionId":"7ecf94","runId":"pre-fix","hypothesisId":"H18","location":"services/device/internal/handler/registerDeviceHandler.go:44","message":"register request parse failed","data":{"contentType":"application/json","contentLength":162,"err":"field \"sn\" is not set"},"timestamp":1776741185168}
{"sessionId":"7ecf94","runId":"pre-fix","hypothesisId":"H18","location":"services/device/internal/handler/registerDeviceHandler.go:44","message":"register request parse failed","data":{"contentType":"application/json","contentLength":162,"err":"field \"sn\" is not set"},"timestamp":1776741295519}
{"sessionId":"7ecf94","runId":"pre-fix","hypothesisId":"H18","location":"services/device/internal/handler/registerDeviceHandler.go:44","message":"register request parse failed","data":{"contentType":"application/json","contentLength":162,"err":"field \"sn\" is not set"},"timestamp":1776741425357}
{"sessionId":"7ecf94","runId":"pre-fix","hypothesisId":"H18","location":"services/device/internal/handler/registerDeviceHandler.go:44","message":"register request parse failed","data":{"contentType":"application/json","contentLength":162,"err":"field \"sn\" is not set"},"timestamp":1776741595339}
{"sessionId":"7ecf94","runId":"pre-fix","hypothesisId":"H1","location":"services/device/internal/handler/registerDeviceHandler.go:46","message":"register request parsed","data":{"snEmpty":false,"productKey":"audiopro002","hasModel":true,"hasMac":true},"timestamp":1776741991071}
{"sessionId":"7ecf94","runId":"pre-fix","hypothesisId":"H3","location":"services/device/internal/logic/registerDeviceLogic.go:53","message":"register logic entered","data":{"sn":"DEVICE1234567890","productKey":"audiopro002","firmwareVersion":"v1.0.0"},"timestamp":1776741991073}
{"sessionId":"7ecf94","runId":"pre-fix","hypothesisId":"H2","location":"services/device/internal/handler/registerDeviceHandler.go:49","message":"register logic returned","data":{"respNil":true,"errNil":false},"timestamp":1776741991076}
{"sessionId":"7ecf94","runId":"post-fix","hypothesisId":"H14","location":"services/device/internal/handler/registerDeviceHandler.go:71","message":"register handler returning error","data":{"code":2001},"timestamp":1776741991078}
{"sessionId":"7ecf94","runId":"pre-fix","hypothesisId":"H1","location":"services/device/internal/handler/registerDeviceHandler.go:46","message":"register request parsed","data":{"snEmpty":false,"productKey":"audiopro002","hasModel":true,"hasMac":true},"timestamp":1776759532372}
{"sessionId":"7ecf94","runId":"pre-fix","hypothesisId":"H3","location":"services/device/internal/logic/registerDeviceLogic.go:53","message":"register logic entered","data":{"sn":"DEVICE1234567890","productKey":"audiopro002","firmwareVersion":"v1.0.0"},"timestamp":1776759532376}
{"sessionId":"7ecf94","runId":"pre-fix","hypothesisId":"H2","location":"services/device/internal/handler/registerDeviceHandler.go:49","message":"register logic returned","data":{"respNil":true,"errNil":false},"timestamp":1776759532386}
{"sessionId":"7ecf94","runId":"post-fix","hypothesisId":"H14","location":"services/device/internal/handler/registerDeviceHandler.go:71","message":"register handler returning error","data":{"code":2001},"timestamp":1776759532396}
{"sessionId":"7ecf94","runId":"pre-fix","hypothesisId":"H1","location":"services/device/internal/handler/registerDeviceHandler.go:46","message":"register request parsed","data":{"snEmpty":false,"productKey":"audiopro002","hasModel":true,"hasMac":true},"timestamp":1776760242345}
{"sessionId":"7ecf94","runId":"pre-fix","hypothesisId":"H3","location":"services/device/internal/logic/registerDeviceLogic.go:53","message":"register logic entered","data":{"sn":"DEVICE1234567890","productKey":"audiopro002","firmwareVersion":"v1.0.0"},"timestamp":1776760242349}
{"sessionId":"7ecf94","runId":"pre-fix","hypothesisId":"H2","location":"services/device/internal/handler/registerDeviceHandler.go:49","message":"register logic returned","data":{"respNil":true,"errNil":false},"timestamp":1776760242358}
{"sessionId":"7ecf94","runId":"post-fix","hypothesisId":"H14","location":"services/device/internal/handler/registerDeviceHandler.go:71","message":"register handler returning error","data":{"code":2001},"timestamp":1776760242364}
{"sessionId":"7ecf94","runId":"pre-fix","hypothesisId":"H1","location":"services/device/internal/handler/registerDeviceHandler.go:46","message":"register request parsed","data":{"snEmpty":false,"productKey":"audiopro002","hasModel":true,"hasMac":true},"timestamp":1776760246626}
{"sessionId":"7ecf94","runId":"pre-fix","hypothesisId":"H3","location":"services/device/internal/logic/registerDeviceLogic.go:53","message":"register logic entered","data":{"sn":"DEVICE1234567890","productKey":"audiopro002","firmwareVersion":"v1.0.0"},"timestamp":1776760246628}
{"sessionId":"7ecf94","runId":"pre-fix","hypothesisId":"H2","location":"services/device/internal/handler/registerDeviceHandler.go:49","message":"register logic returned","data":{"respNil":true,"errNil":false},"timestamp":1776760246630}
{"sessionId":"7ecf94","runId":"post-fix","hypothesisId":"H14","location":"services/device/internal/handler/registerDeviceHandler.go:71","message":"register handler returning error","data":{"code":2001},"timestamp":1776760246632}
