{"sessionId":"046601","runId":"pre-fix","hypothesisId":"H2_route_registered","location":"routes.go:RegisterHandlers","message":"registering routes (realname submit expected)","data":{"expectedMethod":"POST","expectedPath":"/api/v1/user/realname/submit"},"timestamp":1776309652549}
{"sessionId":"046601","runId":"pre-fix","hypothesisId":"H3_notfound","location":"user.go:WithNotFoundHandler","message":"request hit not-found handler","data":{"method":"POST","path":"/api/vl/user/realname/submit"},"timestamp":1776309668173}
{"sessionId":"046601","runId":"pre-fix","hypothesisId":"H1_handler_hit","location":"submit_realname_handler.go:SubmitRealNameHandler","message":"handler entered","data":{"method":"POST","path":"/api/v1/user/realname/submit"},"timestamp":1776309886012}
{"sessionId":"046601","runId":"pre-fix","hypothesisId":"H1_handler_hit","location":"submit_realname_handler.go:SubmitRealNameHandler","message":"handler entered","data":{"method":"POST","path":"/api/v1/user/realname/submit"},"timestamp":1776309894953}
{"sessionId":"046601","runId":"pre-fix","hypothesisId":"H2_route_registered","location":"routes.go:RegisterHandlers","message":"registering routes (realname submit expected)","data":{"expectedMethod":"POST","expectedPath":"/api/v1/user/realname/submit"},"timestamp":1776311927394}
{"sessionId":"046601","runId":"pre-fix","hypothesisId":"H2_route_registered","location":"routes.go:RegisterHandlers","message":"registering routes (realname submit expected)","data":{"expectedMethod":"POST","expectedPath":"/api/v1/user/realname/submit"},"timestamp":1776311969964}
{"sessionId":"046601","runId":"pre-fix","hypothesisId":"H2_route_registered","location":"routes.go:RegisterHandlers","message":"registering routes (realname submit expected)","data":{"expectedMethod":"POST","expectedPath":"/api/v1/user/realname/submit"},"timestamp":1776312180344}
{"sessionId":"046601","runId":"pre-fix","hypothesisId":"H2_route_registered","location":"routes.go:RegisterHandlers","message":"registering routes (realname submit expected)","data":{"expectedMethod":"POST","expectedPath":"/api/v1/user/realname/submit"},"timestamp":1776325340596}
{"sessionId":"046601","runId":"pre-fix","hypothesisId":"H3_notfound","location":"user.go:WithNotFoundHandler","message":"request hit not-found handler","data":{"method":"POST","path":"/api/v1/device/bind"},"timestamp":1776325441062}
{"sessionId":"046601","runId":"pre-fix","hypothesisId":"H3_notfound","location":"user.go:WithNotFoundHandler","message":"request hit not-found handler","data":{"method":"POST","path":"/api/v1\"/device/bind"},"timestamp":1776325512613}
{"sessionId":"046601","runId":"pre-fix","hypothesisId":"H3_notfound","location":"user.go:WithNotFoundHandler","message":"request hit not-found handler","data":{"method":"POST","path":"/api/v1/device/bind"},"timestamp":1776325524720}
{"sessionId":"046601","runId":"pre-fix","hypothesisId":"H2_route_registered","location":"routes.go:RegisterHandlers","message":"registering routes (realname submit expected)","data":{"expectedMethod":"POST","expectedPath":"/api/v1/user/realname/submit"},"timestamp":1776325792650}
{"sessionId":"046601","runId":"pre-fix","hypothesisId":"H2_route_registered","location":"routes.go:RegisterHandlers","message":"registering routes (realname submit expected)","data":{"expectedMethod":"POST","expectedPath":"/api/v1/user/realname/submit"},"timestamp":1776325993070}
{"sessionId":"046601","runId":"pre-fix","hypothesisId":"H2_route_registered","location":"routes.go:RegisterHandlers","message":"registering routes (realname submit expected)","data":{"expectedMethod":"POST","expectedPath":"/api/v1/user/realname/submit"},"timestamp":1776326203897}
{"sessionId":"046601","runId":"pre-fix","hypothesisId":"H2_route_registered","location":"routes.go:RegisterHandlers","message":"registering routes (realname submit expected)","data":{"expectedMethod":"POST","expectedPath":"/api/v1/user/realname/submit"},"timestamp":1776326418611}
{"sessionId":"046601","runId":"pre-fix","hypothesisId":"H2_route_registered","location":"routes.go:RegisterHandlers","message":"registering routes (realname submit expected)","data":{"expectedMethod":"POST","expectedPath":"/api/v1/user/realname/submit"},"timestamp":1776326660378}
{"sessionId":"046601","runId":"pre-fix","hypothesisId":"H2_route_registered","location":"routes.go:RegisterHandlers","message":"registering routes (realname submit expected)","data":{"expectedMethod":"POST","expectedPath":"/api/v1/user/realname/submit"},"timestamp":1776327238225}
{"sessionId":"046601","runId":"pre-fix","hypothesisId":"H2_route_registered","location":"routes.go:RegisterHandlers","message":"registering routes (realname submit expected)","data":{"expectedMethod":"POST","expectedPath":"/api/v1/user/realname/submit"},"timestamp":1776327375036}
{"sessionId":"046601","runId":"pre-fix","hypothesisId":"H2_route_registered","location":"routes.go:RegisterHandlers","message":"registering routes (realname submit expected)","data":{"expectedMethod":"POST","expectedPath":"/api/v1/user/realname/submit"},"timestamp":1776327539757}
{"sessionId":"046601","runId":"pre-fix","hypothesisId":"H2_route_registered","location":"routes.go:RegisterHandlers","message":"registering routes (realname submit expected)","data":{"expectedMethod":"POST","expectedPath":"/api/v1/user/realname/submit"},"timestamp":1776327757256}
{"sessionId":"046601","runId":"pre-fix","hypothesisId":"H2_route_registered","location":"routes.go:RegisterHandlers","message":"registering routes (realname submit expected)","data":{"expectedMethod":"POST","expectedPath":"/api/v1/user/realname/submit"},"timestamp":1776327936763}
{"sessionId":"046601","runId":"pre-fix","hypothesisId":"H2_route_registered","location":"routes.go:RegisterHandlers","message":"registering routes (realname submit expected)","data":{"expectedMethod":"POST","expectedPath":"/api/v1/user/realname/submit"},"timestamp":1776328213947}
{"sessionId":"046601","runId":"pre-fix","hypothesisId":"H2_route_registered","location":"routes.go:RegisterHandlers","message":"registering routes (realname submit expected)","data":{"expectedMethod":"POST","expectedPath":"/api/v1/user/realname/submit"},"timestamp":1776328409129}
{"sessionId":"046601","runId":"pre-fix","hypothesisId":"H2_route_registered","location":"routes.go:RegisterHandlers","message":"registering routes (realname submit expected)","data":{"expectedMethod":"POST","expectedPath":"/api/v1/user/realname/submit"},"timestamp":1776328645781}
{"sessionId":"046601","runId":"pre-fix","hypothesisId":"H2_route_registered","location":"routes.go:RegisterHandlers","message":"registering routes (realname submit expected)","data":{"expectedMethod":"POST","expectedPath":"/api/v1/user/realname/submit"},"timestamp":1776328814578}
{"sessionId":"046601","runId":"pre-fix","hypothesisId":"H2_route_registered","location":"routes.go:RegisterHandlers","message":"registering routes (realname submit expected)","data":{"expectedMethod":"POST","expectedPath":"/api/v1/user/realname/submit"},"timestamp":1776329209683}
{"sessionId":"046601","runId":"pre-fix","hypothesisId":"H2_route_registered","location":"routes.go:RegisterHandlers","message":"registering routes (realname submit expected)","data":{"expectedMethod":"POST","expectedPath":"/api/v1/user/realname/submit"},"timestamp":1776329441456}
{"sessionId":"046601","runId":"pre-fix","hypothesisId":"H2_route_registered","location":"routes.go:RegisterHandlers","message":"registering routes (realname submit expected)","data":{"expectedMethod":"POST","expectedPath":"/api/v1/user/realname/submit"},"timestamp":1776329824250}
{"sessionId":"046601","runId":"pre-fix","hypothesisId":"H2_route_registered","location":"routes.go:RegisterHandlers","message":"registering routes (realname submit expected)","data":{"expectedMethod":"POST","expectedPath":"/api/v1/user/realname/submit"},"timestamp":1776330304909}
{"sessionId":"046601","runId":"pre-fix","hypothesisId":"H2_route_registered","location":"routes.go:RegisterHandlers","message":"registering routes (realname submit expected)","data":{"expectedMethod":"POST","expectedPath":"/api/v1/user/realname/submit"},"timestamp":1776331287411}
{"sessionId":"046601","runId":"pre-fix","hypothesisId":"H2_route_registered","location":"routes.go:RegisterHandlers","message":"registering routes (realname submit expected)","data":{"expectedMethod":"POST","expectedPath":"/api/v1/user/realname/submit"},"timestamp":1776333139868}
{"sessionId":"046601","runId":"pre-fix","hypothesisId":"H2_route_registered","location":"routes.go:RegisterHandlers","message":"registering routes (realname submit expected)","data":{"expectedMethod":"POST","expectedPath":"/api/v1/user/realname/submit"},"timestamp":1776334405274}
{"sessionId":"046601","runId":"pre-fix","hypothesisId":"H2_route_registered","location":"routes.go:RegisterHandlers","message":"registering routes (realname submit expected)","data":{"expectedMethod":"POST","expectedPath":"/api/v1/user/realname/submit"},"timestamp":1776391950911}
{"sessionId":"046601","runId":"pre-fix","hypothesisId":"H2_route_registered","location":"routes.go:RegisterHandlers","message":"registering routes (realname submit expected)","data":{"expectedMethod":"POST","expectedPath":"/api/v1/user/realname/submit"},"timestamp":1776411724290}
{"sessionId":"046601","runId":"pre-fix","hypothesisId":"H2_route_registered","location":"routes.go:RegisterHandlers","message":"registering routes (realname submit expected)","data":{"expectedMethod":"POST","expectedPath":"/api/v1/user/realname/submit"},"timestamp":1777261381154}
{"sessionId":"046601","runId":"pre-fix","hypothesisId":"H2_route_registered","location":"routes.go:RegisterHandlers","message":"registering routes (realname submit expected)","data":{"expectedMethod":"POST","expectedPath":"/api/v1/user/realname/submit"},"timestamp":1777342012046}
{"sessionId":"046601","runId":"pre-fix","hypothesisId":"H2_route_registered","location":"routes.go:RegisterHandlers","message":"registering routes (realname submit expected)","data":{"expectedMethod":"POST","expectedPath":"/api/v1/user/realname/submit"},"timestamp":1777428401714}
